# //  Questa Sim-64
# //  Version 10.4e win64 Apr  9 2016
# //
# //  Copyright 1991-2016 Mentor Graphics Corporation
# //  All Rights Reserved.
# //
# //  THIS WORK CONTAINS TRADE SECRET AND PROPRIETARY INFORMATION
# //  WHICH IS THE PROPERTY OF MENTOR GRAPHICS CORPORATION OR ITS
# //  LICENSORS AND IS SUBJECT TO LICENSE TERMS.
# //  THIS DOCUMENT CONTAINS TRADE SECRETS AND COMMERCIAL OR FINANCIAL
# //  INFORMATION THAT ARE PRIVILEGED, CONFIDENTIAL, AND EXEMPT FROM
# //  DISCLOSURE UNDER THE FREEDOM OF INFORMATION ACT, 5 U.S.C. SECTION 552.
# //  FURTHERMORE, THIS INFORMATION IS PROHIBITED FROM DISCLOSURE UNDER
# //  THE TRADE SECRETS ACT, 18 U.S.C. SECTION 1905.
# //
# vsim -novopt axi_tb_top -l axi_run_log.log 
# Start time: 09:15:21 on Jul 27,2023
# ** Warning: (vsim-8891) All optimizations are turned off because the -novopt switch is in effect. This will cause your simulation to run very slowly. If you are using this switch to preserve visibility for Debug or PLI features please see the User's Manual section on Preserving Object Visibility with vopt.
# 
# Refreshing D:/UVM/AXI/AXI_VIP/SIM/work.axi_tb_top
# Refreshing D:/UVM/AXI/AXI_VIP/SIM/work.axi_test_pkg
# Refreshing D:/UVM/AXI/AXI_VIP/SIM/work.axi_env_pkg
# Loading sv_std.std
# Loading mtiUvm.uvm_pkg
# Loading work.axi_env_pkg
# Loading work.axi_test_pkg
# Loading work.axi_tb_top
# Refreshing D:/UVM/AXI/AXI_VIP/SIM/work.axi_inf
# Loading work.axi_inf
# Refreshing D:/UVM/AXI/AXI_VIP/SIM/work.axi_interface
# Loading work.axi_interface
# Loading mtiUvm.questa_uvm_pkg
# ** Warning: (vsim-8637) ../ENV/MAS_AXI_ENV/axi_mas_drv.sv(65): A modport ('async_reset') should not be used in a hierarchical path.
#    Time: 0 ns  Iteration: 0  Region: /axi_env_pkg::axi_mas_drv File: ../ENV/MAS_AXI_ENV/axi_env_pkg.sv
# ** Warning: (vsim-8637) ../ENV/MAS_AXI_ENV/axi_mas_drv.sv(66): A modport ('async_reset') should not be used in a hierarchical path.
#    Time: 0 ns  Iteration: 0  Region: /axi_env_pkg::axi_mas_drv File: ../ENV/MAS_AXI_ENV/axi_env_pkg.sv
# ** Warning: (vsim-8637) ../ENV/MAS_AXI_ENV/axi_mas_drv.sv(67): A modport ('async_reset') should not be used in a hierarchical path.
#    Time: 0 ns  Iteration: 0  Region: /axi_env_pkg::axi_mas_drv File: ../ENV/MAS_AXI_ENV/axi_env_pkg.sv
# ** Warning: (vsim-8637) ../ENV/MAS_AXI_ENV/axi_mas_drv.sv(68): A modport ('async_reset') should not be used in a hierarchical path.
#    Time: 0 ns  Iteration: 0  Region: /axi_env_pkg::axi_mas_drv File: ../ENV/MAS_AXI_ENV/axi_env_pkg.sv
# ** Warning: (vsim-8637) ../ENV/MAS_AXI_ENV/axi_mas_drv.sv(69): A modport ('async_reset') should not be used in a hierarchical path.
#    Time: 0 ns  Iteration: 0  Region: /axi_env_pkg::axi_mas_drv File: ../ENV/MAS_AXI_ENV/axi_env_pkg.sv
# ** Warning: (vsim-8637) ../ENV/MAS_AXI_ENV/axi_mas_drv.sv(70): A modport ('async_reset') should not be used in a hierarchical path.
#    Time: 0 ns  Iteration: 0  Region: /axi_env_pkg::axi_mas_drv File: ../ENV/MAS_AXI_ENV/axi_env_pkg.sv
# ** Warning: (vsim-8637) ../ENV/MAS_AXI_ENV/axi_mas_drv.sv(71): A modport ('async_reset') should not be used in a hierarchical path.
#    Time: 0 ns  Iteration: 0  Region: /axi_env_pkg::axi_mas_drv File: ../ENV/MAS_AXI_ENV/axi_env_pkg.sv
# ** Warning: (vsim-8637) ../ENV/MAS_AXI_ENV/axi_mas_drv.sv(72): A modport ('async_reset') should not be used in a hierarchical path.
#    Time: 0 ns  Iteration: 0  Region: /axi_env_pkg::axi_mas_drv File: ../ENV/MAS_AXI_ENV/axi_env_pkg.sv
# ** Warning: (vsim-8637) ../ENV/MAS_AXI_ENV/axi_mas_drv.sv(73): A modport ('async_reset') should not be used in a hierarchical path.
#    Time: 0 ns  Iteration: 0  Region: /axi_env_pkg::axi_mas_drv File: ../ENV/MAS_AXI_ENV/axi_env_pkg.sv
# ** Warning: (vsim-8637) ../ENV/MAS_AXI_ENV/axi_mas_drv.sv(74): A modport ('async_reset') should not be used in a hierarchical path.
#    Time: 0 ns  Iteration: 0  Region: /axi_env_pkg::axi_mas_drv File: ../ENV/MAS_AXI_ENV/axi_env_pkg.sv
# ** Warning: (vsim-8637) ../ENV/MAS_AXI_ENV/axi_mas_drv.sv(75): A modport ('async_reset') should not be used in a hierarchical path.
#    Time: 0 ns  Iteration: 0  Region: /axi_env_pkg::axi_mas_drv File: ../ENV/MAS_AXI_ENV/axi_env_pkg.sv
# ** Warning: (vsim-8637) ../ENV/MAS_AXI_ENV/axi_mas_drv.sv(76): A modport ('async_reset') should not be used in a hierarchical path.
#    Time: 0 ns  Iteration: 0  Region: /axi_env_pkg::axi_mas_drv File: ../ENV/MAS_AXI_ENV/axi_env_pkg.sv
# ** Warning: (vsim-8637) ../ENV/MAS_AXI_ENV/axi_mas_drv.sv(77): A modport ('async_reset') should not be used in a hierarchical path.
#    Time: 0 ns  Iteration: 0  Region: /axi_env_pkg::axi_mas_drv File: ../ENV/MAS_AXI_ENV/axi_env_pkg.sv
# ** Warning: (vsim-8637) ../ENV/MAS_AXI_ENV/axi_mas_drv.sv(78): A modport ('async_reset') should not be used in a hierarchical path.
#    Time: 0 ns  Iteration: 0  Region: /axi_env_pkg::axi_mas_drv File: ../ENV/MAS_AXI_ENV/axi_env_pkg.sv
# ** Warning: (vsim-8637) ../ENV/MAS_AXI_ENV/axi_mas_drv.sv(79): A modport ('async_reset') should not be used in a hierarchical path.
#    Time: 0 ns  Iteration: 0  Region: /axi_env_pkg::axi_mas_drv File: ../ENV/MAS_AXI_ENV/axi_env_pkg.sv
# ** Warning: (vsim-8637) ../ENV/MAS_AXI_ENV/axi_mas_drv.sv(80): A modport ('async_reset') should not be used in a hierarchical path.
#    Time: 0 ns  Iteration: 0  Region: /axi_env_pkg::axi_mas_drv File: ../ENV/MAS_AXI_ENV/axi_env_pkg.sv
# ** Warning: (vsim-8637) ../ENV/MAS_AXI_ENV/axi_mas_drv.sv(81): A modport ('async_reset') should not be used in a hierarchical path.
#    Time: 0 ns  Iteration: 0  Region: /axi_env_pkg::axi_mas_drv File: ../ENV/MAS_AXI_ENV/axi_env_pkg.sv
# ** Warning: (vsim-8637) ../ENV/MAS_AXI_ENV/axi_mas_drv.sv(82): A modport ('async_reset') should not be used in a hierarchical path.
#    Time: 0 ns  Iteration: 0  Region: /axi_env_pkg::axi_mas_drv File: ../ENV/MAS_AXI_ENV/axi_env_pkg.sv
# ** Warning: (vsim-8637) ../ENV/MAS_AXI_ENV/axi_mas_drv.sv(83): A modport ('async_reset') should not be used in a hierarchical path.
#    Time: 0 ns  Iteration: 0  Region: /axi_env_pkg::axi_mas_drv File: ../ENV/MAS_AXI_ENV/axi_env_pkg.sv
# ** Warning: (vsim-8637) ../ENV/MAS_AXI_ENV/axi_mas_drv.sv(84): A modport ('async_reset') should not be used in a hierarchical path.
#    Time: 0 ns  Iteration: 0  Region: /axi_env_pkg::axi_mas_drv File: ../ENV/MAS_AXI_ENV/axi_env_pkg.sv
# ** Warning: (vsim-8637) ../ENV/MAS_AXI_ENV/axi_mas_drv.sv(85): A modport ('async_reset') should not be used in a hierarchical path.
#    Time: 0 ns  Iteration: 0  Region: /axi_env_pkg::axi_mas_drv File: ../ENV/MAS_AXI_ENV/axi_env_pkg.sv
# ** Warning: (vsim-8637) ../ENV/MAS_AXI_ENV/axi_mas_drv.sv(86): A modport ('async_reset') should not be used in a hierarchical path.
#    Time: 0 ns  Iteration: 0  Region: /axi_env_pkg::axi_mas_drv File: ../ENV/MAS_AXI_ENV/axi_env_pkg.sv
# ** Warning: (vsim-8637) ../ENV/MAS_AXI_ENV/axi_mas_drv.sv(87): A modport ('async_reset') should not be used in a hierarchical path.
#    Time: 0 ns  Iteration: 0  Region: /axi_env_pkg::axi_mas_drv File: ../ENV/MAS_AXI_ENV/axi_env_pkg.sv
# ** Warning: (vsim-8637) ../ENV/MAS_AXI_ENV/axi_mas_drv.sv(88): A modport ('async_reset') should not be used in a hierarchical path.
#    Time: 0 ns  Iteration: 0  Region: /axi_env_pkg::axi_mas_drv File: ../ENV/MAS_AXI_ENV/axi_env_pkg.sv
# ** Warning: (vsim-8637) ../ENV/MAS_AXI_ENV/axi_mas_drv.sv(89): A modport ('async_reset') should not be used in a hierarchical path.
#    Time: 0 ns  Iteration: 0  Region: /axi_env_pkg::axi_mas_drv File: ../ENV/MAS_AXI_ENV/axi_env_pkg.sv
# ** Warning: (vsim-8441) ../ENV/MAS_AXI_ENV/axi_mas_mon.sv(71): Clocking block output m_vif.mas_mon_cb.bid is not legal in this
# 
# or another expression.
#    Time: 0 ns  Iteration: 0  Region: /axi_env_pkg::axi_mas_mon File: ../ENV/MAS_AXI_ENV/axi_env_pkg.sv
# ** Warning: (vsim-8441) ../ENV/MAS_AXI_ENV/axi_mas_mon.sv(72): Clocking block output m_vif.mas_mon_cb.bresp is not legal in this
# 
# or another expression.
#    Time: 0 ns  Iteration: 0  Region: /axi_env_pkg::axi_mas_mon File: ../ENV/MAS_AXI_ENV/axi_env_pkg.sv
# ** Warning: (vsim-8441) ../ENV/MAS_AXI_ENV/axi_mas_mon.sv(78): Clocking block output m_vif.mas_mon_cb.rid is not legal in this
# 
# or another expression.
#    Time: 0 ns  Iteration: 0  Region: /axi_env_pkg::axi_mas_mon File: ../ENV/MAS_AXI_ENV/axi_env_pkg.sv
# ** Warning: (vsim-8441) ../ENV/MAS_AXI_ENV/axi_mas_mon.sv(79): Clocking block output m_vif.mas_mon_cb.rdata is not legal in this
# 
# or another expression.
#    Time: 0 ns  Iteration: 0  Region: /axi_env_pkg::axi_mas_mon File: ../ENV/MAS_AXI_ENV/axi_env_pkg.sv
# ** Warning: (vsim-8441) ../ENV/MAS_AXI_ENV/axi_mas_mon.sv(80): Clocking block output m_vif.mas_mon_cb.rresp is not legal in this
# 
# or another expression.
#    Time: 0 ns  Iteration: 0  Region: /axi_env_pkg::axi_mas_mon File: ../ENV/MAS_AXI_ENV/axi_env_pkg.sv
# Loading C:/questasim64_10.4e/uvm-1.1d\win64\uvm_dpi.dll
run
# ----------------------------------------------------------------
# UVM-1.1d
# (C) 2007-2013 Mentor Graphics Corporation
# (C) 2007-2013 Cadence Design Systems, Inc.
# (C) 2006-2013 Synopsys, Inc.
# (C) 2011-2013 Cypress Semiconductor Corp.
# ----------------------------------------------------------------
# 
#   ***********       IMPORTANT RELEASE NOTES         ************
# 
#   You are using a version of the UVM library that has been compiled
#   with `UVM_NO_DEPRECATED undefined.
#   See http://www.eda.org/svdb/view.php?id=3313 for more details.
# 
#   You are using a version of the UVM library that has been compiled
#   with `UVM_OBJECT_MUST_HAVE_CONSTRUCTOR undefined.
#   See http://www.eda.org/svdb/view.php?id=3770 for more details.
# 
#       (Specify +UVM_NO_RELNOTES to turn off this notice)
# 
# UVM_INFO verilog_src/questa_uvm_pkg-1.2/src/questa_uvm_pkg.sv(215) @ 0: reporter [Questa UVM] QUESTA_UVM-1.2.3
# UVM_INFO verilog_src/questa_uvm_pkg-1.2/src/questa_uvm_pkg.sv(217) @ 0: reporter [Questa UVM]  questa_uvm::init(+struct)
# UVM_INFO @ 0: reporter [RNTST] Running test axi_base_test...
# -------------------------------------------
# Name          Type              Size  Value
# -------------------------------------------
# trans_h       axi_mas_seq_item  -     @1086
#   awr_id      integral          4     'h0  
#   wr_brust_e  brust_kind_e      2     FIX  
#   wr_len      integral          4     'h0  
#   wr_size     integral          3     'h0  
#   wr_addr     integral          32    'h0  
#   wr_id       integral          4     'h0  
#   wr_data     da(integral)      0     -    
#   wr_strob    integral          4     'h0  
#   b_id        integral          4     'h0  
#   b_resp_e    resp_kind_e       2     OKAY 
#   ard_id      integral          4     'h0  
#   rd_brust_e  brust_kind_e      2     FIX  
#   rd_len      integral          4     'h0  
#   rd_size     integral          3     'h0  
#   rd_addr     integral          32    'h0  
#   r_id        integral          4     'h0  
#   rd_data     da(integral)      1     -    
#     [0]       integral          32    'h0  
#   r_resp_e    resp_kind_e       2     OKAY 
# -------------------------------------------
# -------------------------------------------
# Name          Type              Size  Value
# -------------------------------------------
# trans_h       axi_mas_seq_item  -     @1166
#   awr_id      integral          4     'h0  
#   wr_brust_e  brust_kind_e      2     FIX  
#   wr_len      integral          4     'h0  
#   wr_size     integral          3     'h0  
#   wr_addr     integral          32    'h0  
#   wr_id       integral          4     'h0  
#   wr_data     da(integral)      0     -    
#   wr_strob    integral          4     'h0  
#   b_id        integral          4     'h0  
#   b_resp_e    resp_kind_e       2     OKAY 
#   ard_id      integral          4     'h0  
#   rd_brust_e  brust_kind_e      2     FIX  
#   rd_len      integral          4     'h0  
#   rd_size     integral          3     'h0  
#   rd_addr     integral          32    'h0  
#   r_id        integral          4     'h0  
#   rd_data     da(integral)      1     -    
#     [0]       integral          32    'h0  
#   r_resp_e    resp_kind_e       2     OKAY 
# -------------------------------------------
# -------------------------------------------
# Name          Type              Size  Value
# -------------------------------------------
# trans_h       axi_mas_seq_item  -     @1170
#   awr_id      integral          4     'h0  
#   wr_brust_e  brust_kind_e      2     FIX  
#   wr_len      integral          4     'h0  
#   wr_size     integral          3     'h0  
#   wr_addr     integral          32    'h0  
#   wr_id       integral          4     'h0  
#   wr_data     da(integral)      0     -    
#   wr_strob    integral          4     'h0  
#   b_id        integral          4     'h0  
#   b_resp_e    resp_kind_e       2     OKAY 
#   ard_id      integral          4     'h0  
#   rd_brust_e  brust_kind_e      2     FIX  
#   rd_len      integral          4     'h0  
#   rd_size     integral          3     'h0  
#   rd_addr     integral          32    'h0  
#   r_id        integral          4     'h0  
#   rd_data     da(integral)      1     -    
#     [0]       integral          32    'h0  
#   r_resp_e    resp_kind_e       2     OKAY 
# -------------------------------------------
# UVM_ERROR @ 10: uvm_test_top.env_h.magent_h.mseqr_h [uvm_test_top.env_h.magent_h.mseqr_h] Get_next_item called twice without item_done or get in between
# -------------------------------------------
# Name          Type              Size  Value
# -------------------------------------------
# trans_h       axi_mas_seq_item  -     @1174
#   awr_id      integral          4     'h0  
#   wr_brust_e  brust_kind_e      2     FIX  
#   wr_len      integral          4     'h0  
#   wr_size     integral          3     'h0  
#   wr_addr     integral          32    'h0  
#   wr_id       integral          4     'h0  
#   wr_data     da(integral)      0     -    
#   wr_strob    integral          4     'h0  
#   b_id        integral          4     'h0  
#   b_resp_e    resp_kind_e       2     OKAY 
#   ard_id      integral          4     'h0  
#   rd_brust_e  brust_kind_e      2     FIX  
#   rd_len      integral          4     'h0  
#   rd_size     integral          3     'h0  
#   rd_addr     integral          32    'h0  
#   r_id        integral          4     'h0  
#   rd_data     da(integral)      1     -    
#     [0]       integral          32    'h0  
#   r_resp_e    resp_kind_e       2     OKAY 
# -------------------------------------------
# -------------------------------------------
# Name          Type              Size  Value
# -------------------------------------------
# trans_h       axi_mas_seq_item  -     @1178
#   awr_id      integral          4     'h0  
#   wr_brust_e  brust_kind_e      2     FIX  
#   wr_len      integral          4     'h0  
#   wr_size     integral          3     'h0  
#   wr_addr     integral          32    'h0  
#   wr_id       integral          4     'h0  
#   wr_data     da(integral)      0     -    
#   wr_strob    integral          4     'h0  
#   b_id        integral          4     'h0  
#   b_resp_e    resp_kind_e       2     OKAY 
#   ard_id      integral          4     'h0  
#   rd_brust_e  brust_kind_e      2     FIX  
#   rd_len      integral          4     'h0  
#   rd_size     integral          3     'h0  
#   rd_addr     integral          32    'h0  
#   r_id        integral          4     'h0  
#   rd_data     da(integral)      1     -    
#     [0]       integral          32    'h0  
#   r_resp_e    resp_kind_e       2     OKAY 
# -------------------------------------------
# UVM_INFO ../ENV/SLV_AXI_ENV/axi_slave_base_seq.sv(62) @ 18: uvm_test_top.env_h.sagent_h.slv_seqr@@sseqs_h [axi_slave_base_seq] write id in seq is '{13} 
# UVM_INFO ../ENV/SLV_AXI_ENV/axi_slave_base_seq.sv(74) @ 18: uvm_test_top.env_h.sagent_h.slv_seqr@@sseqs_h [axi_slave_base_seq]  read id in que in seq '{13}
# UVM_INFO ../ENV/SLV_AXI_ENV/axi_slave_base_seq.sv(83) @ 18: uvm_test_top.env_h.sagent_h.slv_seqr@@sseqs_h [axi_slave_base_seq]  memory data is           0
# UVM_INFO ../ENV/SLV_AXI_ENV/axi_slave_base_seq.sv(62) @ 18: uvm_test_top.env_h.sagent_h.slv_seqr@@sseqs_h [axi_slave_base_seq] write id in seq is '{13, 13} 
# UVM_INFO ../ENV/SLV_AXI_ENV/axi_slave_base_seq.sv(74) @ 18: uvm_test_top.env_h.sagent_h.slv_seqr@@sseqs_h [axi_slave_base_seq]  read id in que in seq '{13, 13}
# UVM_INFO ../ENV/SLV_AXI_ENV/axi_slave_base_seq.sv(83) @ 18: uvm_test_top.env_h.sagent_h.slv_seqr@@sseqs_h [axi_slave_base_seq]  memory data is           0
# UVM_INFO ../ENV/SLV_AXI_ENV/axi_slave_base_seq.sv(62) @ 18: uvm_test_top.env_h.sagent_h.slv_seqr@@sseqs_h [axi_slave_base_seq] write id in seq is '{13, 13, 13} 
# UVM_INFO ../ENV/SLV_AXI_ENV/axi_slave_base_seq.sv(74) @ 18: uvm_test_top.env_h.sagent_h.slv_seqr@@sseqs_h [axi_slave_base_seq]  read id in que in seq '{13, 13, 13}
# UVM_INFO ../ENV/SLV_AXI_ENV/axi_slave_base_seq.sv(83) @ 18: uvm_test_top.env_h.sagent_h.slv_seqr@@sseqs_h [axi_slave_base_seq]  memory data is           0
# ------------------------------------------------
# Name          Type              Size  Value     
# ------------------------------------------------
# trans_h       axi_mas_seq_item  -     @1182     
#   awr_id      integral          4     'hd       
#   wr_brust_e  brust_kind_e      2     INCR      
#   wr_len      integral          4     'h2       
#   wr_size     integral          3     'h0       
#   wr_addr     integral          32    'ha19599e9
#   wr_id       integral          4     'hd       
#   wr_data     da(integral)      0     -         
#   wr_strob    integral          4     'h1       
#   b_id        integral          4     'h0       
#   b_resp_e    resp_kind_e       2     OKAY      
#   ard_id      integral          4     'ha       
#   rd_brust_e  brust_kind_e      2     INCR      
#   rd_len      integral          4     'h0       
#   rd_size     integral          3     'h1       
#   rd_addr     integral          32    'h170b70d9
#   r_id        integral          4     'h0       
#   rd_data     da(integral)      1     -         
#     [0]       integral          32    'h0       
#   r_resp_e    resp_kind_e       2     OKAY      
# ------------------------------------------------
# UVM_INFO ../ENV/SLV_AXI_ENV/axi_slave_base_seq.sv(74) @ 22: uvm_test_top.env_h.sagent_h.slv_seqr@@sseqs_h [axi_slave_base_seq]  read id in que in seq '{13, 13, 13, 13}
# UVM_INFO ../ENV/SLV_AXI_ENV/axi_slave_base_seq.sv(83) @ 22: uvm_test_top.env_h.sagent_h.slv_seqr@@sseqs_h [axi_slave_base_seq]  memory data is           0
# UVM_INFO ../ENV/SLV_AXI_ENV/axi_slave_driver.sv(89) @ 22: uvm_test_top.env_h.sagent_h.slv_drv [axi_slave_driver]  read id getting driver is 13
# ------------------------------------------------
# Name          Type              Size  Value     
# ------------------------------------------------
# trans_h       axi_mas_seq_item  -     @1186     
#   awr_id      integral          4     'hd       
#   wr_brust_e  brust_kind_e      2     INCR      
#   wr_len      integral          4     'h2       
#   wr_size     integral          3     'h0       
#   wr_addr     integral          32    'ha19599e9
#   wr_id       integral          4     'hd       
#   wr_data     da(integral)      0     -         
#   wr_strob    integral          4     'h1       
#   b_id        integral          4     'h0       
#   b_resp_e    resp_kind_e       2     OKAY      
#   ard_id      integral          4     'ha       
#   rd_brust_e  brust_kind_e      2     INCR      
#   rd_len      integral          4     'h0       
#   rd_size     integral          3     'h1       
#   rd_addr     integral          32    'h170b70d9
#   r_id        integral          4     'h0       
#   rd_data     da(integral)      1     -         
#     [0]       integral          32    'h0       
#   r_resp_e    resp_kind_e       2     OKAY      
# ------------------------------------------------
# ------------------------------------------------
# Name          Type              Size  Value     
# ------------------------------------------------
# trans_h       axi_mas_seq_item  -     @1190     
#   awr_id      integral          4     'hd       
#   wr_brust_e  brust_kind_e      2     INCR      
#   wr_len      integral          4     'h2       
#   wr_size     integral          3     'h0       
#   wr_addr     integral          32    'ha19599e9
#   wr_id       integral          4     'hd       
#   wr_data     da(integral)      0     -         
#   wr_strob    integral          4     'h1       
#   b_id        integral          4     'h0       
#   b_resp_e    resp_kind_e       2     OKAY      
#   ard_id      integral          4     'ha       
#   rd_brust_e  brust_kind_e      2     INCR      
#   rd_len      integral          4     'h0       
#   rd_size     integral          3     'h1       
#   rd_addr     integral          32    'h170b70d9
#   r_id        integral          4     'h0       
#   rd_data     da(integral)      1     -         
#     [0]       integral          32    'h0       
#   r_resp_e    resp_kind_e       2     OKAY      
# ------------------------------------------------
# ------------------------------------------------
# Name          Type              Size  Value     
# ------------------------------------------------
# trans_h       axi_mas_seq_item  -     @1194     
#   awr_id      integral          4     'hd       
#   wr_brust_e  brust_kind_e      2     INCR      
#   wr_len      integral          4     'h2       
#   wr_size     integral          3     'h0       
#   wr_addr     integral          32    'ha19599e9
#   wr_id       integral          4     'hd       
#   wr_data     da(integral)      0     -         
#   wr_strob    integral          4     'h1       
#   b_id        integral          4     'h0       
#   b_resp_e    resp_kind_e       2     OKAY      
#   ard_id      integral          4     'ha       
#   rd_brust_e  brust_kind_e      2     INCR      
#   rd_len      integral          4     'h0       
#   rd_size     integral          3     'h1       
#   rd_addr     integral          32    'h170b70d9
#   r_id        integral          4     'h0       
#   rd_data     da(integral)      1     -         
#     [0]       integral          32    'h0       
#   r_resp_e    resp_kind_e       2     OKAY      
# ------------------------------------------------
# ------------------------------------------------
# Name          Type              Size  Value     
# ------------------------------------------------
# trans_h       axi_mas_seq_item  -     @1198     
#   awr_id      integral          4     'hd       
#   wr_brust_e  brust_kind_e      2     INCR      
#   wr_len      integral          4     'h2       
#   wr_size     integral          3     'h0       
#   wr_addr     integral          32    'ha19599e9
#   wr_id       integral          4     'hd       
#   wr_data     da(integral)      0     -         
#   wr_strob    integral          4     'h1       
#   b_id        integral          4     'h0       
#   b_resp_e    resp_kind_e       2     OKAY      
#   ard_id      integral          4     'ha       
#   rd_brust_e  brust_kind_e      2     INCR      
#   rd_len      integral          4     'h0       
#   rd_size     integral          3     'h1       
#   rd_addr     integral          32    'h170b70d9
#   r_id        integral          4     'h0       
#   rd_data     da(integral)      1     -         
#     [0]       integral          32    'h0       
#   r_resp_e    resp_kind_e       2     OKAY      
# ------------------------------------------------
# UVM_INFO ../ENV/SLV_AXI_ENV/axi_slave_base_seq.sv(74) @ 38: uvm_test_top.env_h.sagent_h.slv_seqr@@sseqs_h [axi_slave_base_seq]  read id in que in seq '{13, 13, 13, 13, 13}
# UVM_INFO ../ENV/SLV_AXI_ENV/axi_slave_base_seq.sv(83) @ 38: uvm_test_top.env_h.sagent_h.slv_seqr@@sseqs_h [axi_slave_base_seq]  memory data is           0
# ------------------------------------------------
# Name          Type              Size  Value     
# ------------------------------------------------
# trans_h       axi_mas_seq_item  -     @1202     
#   awr_id      integral          4     'hd       
#   wr_brust_e  brust_kind_e      2     INCR      
#   wr_len      integral          4     'h2       
#   wr_size     integral          3     'h0       
#   wr_addr     integral          32    'ha19599e9
#   wr_id       integral          4     'hd       
#   wr_data     da(integral)      0     -         
#   wr_strob    integral          4     'h1       
#   b_id        integral          4     'h0       
#   b_resp_e    resp_kind_e       2     OKAY      
#   ard_id      integral          4     'ha       
#   rd_brust_e  brust_kind_e      2     INCR      
#   rd_len      integral          4     'h0       
#   rd_size     integral          3     'h1       
#   rd_addr     integral          32    'h170b70d9
#   r_id        integral          4     'h0       
#   rd_data     da(integral)      1     -         
#     [0]       integral          32    'h0       
#   r_resp_e    resp_kind_e       2     OKAY      
# ------------------------------------------------
# ------------------------------------------------
# Name          Type              Size  Value     
# ------------------------------------------------
# trans_h       axi_mas_seq_item  -     @1207     
#   awr_id      integral          4     'hd       
#   wr_brust_e  brust_kind_e      2     INCR      
#   wr_len      integral          4     'h2       
#   wr_size     integral          3     'h0       
#   wr_addr     integral          32    'ha19599e9
#   wr_id       integral          4     'hd       
#   wr_data     da(integral)      0     -         
#   wr_strob    integral          4     'h1       
#   b_id        integral          4     'h0       
#   b_resp_e    resp_kind_e       2     OKAY      
#   ard_id      integral          4     'ha       
#   rd_brust_e  brust_kind_e      2     INCR      
#   rd_len      integral          4     'h0       
#   rd_size     integral          3     'h1       
#   rd_addr     integral          32    'h170b70d9
#   r_id        integral          4     'h0       
#   rd_data     da(integral)      1     -         
#     [0]       integral          32    'h0       
#   r_resp_e    resp_kind_e       2     OKAY      
# ------------------------------------------------
# ------------------------------------------------
# Name          Type              Size  Value     
# ------------------------------------------------
# trans_h       axi_mas_seq_item  -     @1211     
#   awr_id      integral          4     'hd       
#   wr_brust_e  brust_kind_e      2     INCR      
#   wr_len      integral          4     'h2       
#   wr_size     integral          3     'h0       
#   wr_addr     integral          32    'ha19599e9
#   wr_id       integral          4     'hd       
#   wr_data     da(integral)      0     -         
#   wr_strob    integral          4     'h1       
#   b_id        integral          4     'h0       
#   b_resp_e    resp_kind_e       2     OKAY      
#   ard_id      integral          4     'ha       
#   rd_brust_e  brust_kind_e      2     INCR      
#   rd_len      integral          4     'h0       
#   rd_size     integral          3     'h1       
#   rd_addr     integral          32    'h170b70d9
#   r_id        integral          4     'h0       
#   rd_data     da(integral)      1     -         
#     [0]       integral          32    'h0       
#   r_resp_e    resp_kind_e       2     OKAY      
# ------------------------------------------------
# ------------------------------------------------
# Name          Type              Size  Value     
# ------------------------------------------------
# trans_h       axi_mas_seq_item  -     @1216     
#   awr_id      integral          4     'hd       
#   wr_brust_e  brust_kind_e      2     INCR      
#   wr_len      integral          4     'h2       
#   wr_size     integral          3     'h0       
#   wr_addr     integral          32    'ha19599e9
#   wr_id       integral          4     'hd       
#   wr_data     da(integral)      0     -         
#   wr_strob    integral          4     'h1       
#   b_id        integral          4     'h0       
#   b_resp_e    resp_kind_e       2     OKAY      
#   ard_id      integral          4     'ha       
#   rd_brust_e  brust_kind_e      2     INCR      
#   rd_len      integral          4     'h0       
#   rd_size     integral          3     'h1       
#   rd_addr     integral          32    'h170b70d9
#   r_id        integral          4     'h0       
#   rd_data     da(integral)      1     -         
#     [0]       integral          32    'h0       
#   r_resp_e    resp_kind_e       2     OKAY      
# ------------------------------------------------
# UVM_INFO ../ENV/SLV_AXI_ENV/axi_slave_driver.sv(89) @ 54: uvm_test_top.env_h.sagent_h.slv_drv [axi_slave_driver]  read id getting driver is 13
# ------------------------------------------------
# Name          Type              Size  Value     
# ------------------------------------------------
# trans_h       axi_mas_seq_item  -     @1220     
#   awr_id      integral          4     'h8       
#   wr_brust_e  brust_kind_e      2     INCR      
#   wr_len      integral          4     'h5       
#   wr_size     integral          3     'h1       
#   wr_addr     integral          32    'h915577a1
#   wr_id       integral          4     'h8       
#   wr_data     da(integral)      0     -         
#   wr_strob    integral          4     'h1       
#   b_id        integral          4     'h0       
#   b_resp_e    resp_kind_e       2     OKAY      
#   ard_id      integral          4     'h3       
#   rd_brust_e  brust_kind_e      2     INCR      
#   rd_len      integral          4     'hc       
#   rd_size     integral          3     'h1       
#   rd_addr     integral          32    'h613008f3
#   r_id        integral          4     'h0       
#   rd_data     da(integral)      1     -         
#     [0]       integral          32    'h0       
#   r_resp_e    resp_kind_e       2     OKAY      
# ------------------------------------------------
# ------------------------------------------------
# Name          Type              Size  Value     
# ------------------------------------------------
# trans_h       axi_mas_seq_item  -     @1224     
#   awr_id      integral          4     'h8       
#   wr_brust_e  brust_kind_e      2     INCR      
#   wr_len      integral          4     'h5       
#   wr_size     integral          3     'h1       
#   wr_addr     integral          32    'h915577a1
#   wr_id       integral          4     'h8       
#   wr_data     da(integral)      0     -         
#   wr_strob    integral          4     'h1       
#   b_id        integral          4     'h0       
#   b_resp_e    resp_kind_e       2     OKAY      
#   ard_id      integral          4     'h3       
#   rd_brust_e  brust_kind_e      2     INCR      
#   rd_len      integral          4     'hc       
#   rd_size     integral          3     'h1       
#   rd_addr     integral          32    'h613008f3
#   r_id        integral          4     'h0       
#   rd_data     da(integral)      1     -         
#     [0]       integral          32    'h0       
#   r_resp_e    resp_kind_e       2     OKAY      
# ------------------------------------------------
# ------------------------------------------------
# Name          Type              Size  Value     
# ------------------------------------------------
# trans_h       axi_mas_seq_item  -     @1228     
#   awr_id      integral          4     'h8       
#   wr_brust_e  brust_kind_e      2     INCR      
#   wr_len      integral          4     'h5       
#   wr_size     integral          3     'h1       
#   wr_addr     integral          32    'h915577a1
#   wr_id       integral          4     'h8       
#   wr_data     da(integral)      0     -         
#   wr_strob    integral          4     'h1       
#   b_id        integral          4     'h0       
#   b_resp_e    resp_kind_e       2     OKAY      
#   ard_id      integral          4     'h3       
#   rd_brust_e  brust_kind_e      2     INCR      
#   rd_len      integral          4     'hc       
#   rd_size     integral          3     'h1       
#   rd_addr     integral          32    'h613008f3
#   r_id        integral          4     'h0       
#   rd_data     da(integral)      1     -         
#     [0]       integral          32    'h0       
#   r_resp_e    resp_kind_e       2     OKAY      
# ------------------------------------------------
# ------------------------------------------------
# Name          Type              Size  Value     
# ------------------------------------------------
# trans_h       axi_mas_seq_item  -     @1232     
#   awr_id      integral          4     'h8       
#   wr_brust_e  brust_kind_e      2     INCR      
#   wr_len      integral          4     'h5       
#   wr_size     integral          3     'h1       
#   wr_addr     integral          32    'h915577a1
#   wr_id       integral          4     'h8       
#   wr_data     da(integral)      0     -         
#   wr_strob    integral          4     'h1       
#   b_id        integral          4     'h0       
#   b_resp_e    resp_kind_e       2     OKAY      
#   ard_id      integral          4     'h3       
#   rd_brust_e  brust_kind_e      2     INCR      
#   rd_len      integral          4     'hc       
#   rd_size     integral          3     'h1       
#   rd_addr     integral          32    'h613008f3
#   r_id        integral          4     'h0       
#   rd_data     da(integral)      1     -         
#     [0]       integral          32    'h0       
#   r_resp_e    resp_kind_e       2     OKAY      
# ------------------------------------------------
# UVM_INFO ../ENV/SLV_AXI_ENV/axi_slave_driver.sv(89) @ 70: uvm_test_top.env_h.sagent_h.slv_drv [axi_slave_driver]  read id getting driver is 13
# ------------------------------------------------
# Name          Type              Size  Value     
# ------------------------------------------------
# trans_h       axi_mas_seq_item  -     @1236     
#   awr_id      integral          4     'h8       
#   wr_brust_e  brust_kind_e      2     INCR      
#   wr_len      integral          4     'h5       
#   wr_size     integral          3     'h1       
#   wr_addr     integral          32    'h915577a1
#   wr_id       integral          4     'h8       
#   wr_data     da(integral)      0     -         
#   wr_strob    integral          4     'h1       
#   b_id        integral          4     'h0       
#   b_resp_e    resp_kind_e       2     OKAY      
#   ard_id      integral          4     'h3       
#   rd_brust_e  brust_kind_e      2     INCR      
#   rd_len      integral          4     'hc       
#   rd_size     integral          3     'h1       
#   rd_addr     integral          32    'h613008f3
#   r_id        integral          4     'h0       
#   rd_data     da(integral)      1     -         
#     [0]       integral          32    'h0       
#   r_resp_e    resp_kind_e       2     OKAY      
# ------------------------------------------------
# ------------------------------------------------
# Name          Type              Size  Value     
# ------------------------------------------------
# trans_h       axi_mas_seq_item  -     @1240     
#   awr_id      integral          4     'h8       
#   wr_brust_e  brust_kind_e      2     INCR      
#   wr_len      integral          4     'h5       
#   wr_size     integral          3     'h1       
#   wr_addr     integral          32    'h915577a1
#   wr_id       integral          4     'h8       
#   wr_data     da(integral)      0     -         
#   wr_strob    integral          4     'h1       
#   b_id        integral          4     'h0       
#   b_resp_e    resp_kind_e       2     OKAY      
#   ard_id      integral          4     'h3       
#   rd_brust_e  brust_kind_e      2     INCR      
#   rd_len      integral          4     'hc       
#   rd_size     integral          3     'h1       
#   rd_addr     integral          32    'h613008f3
#   r_id        integral          4     'h0       
#   rd_data     da(integral)      1     -         
#     [0]       integral          32    'h0       
#   r_resp_e    resp_kind_e       2     OKAY      
# ------------------------------------------------
# ------------------------------------------------
# Name          Type              Size  Value     
# ------------------------------------------------
# trans_h       axi_mas_seq_item  -     @1244     
#   awr_id      integral          4     'h8       
#   wr_brust_e  brust_kind_e      2     INCR      
#   wr_len      integral          4     'h5       
#   wr_size     integral          3     'h1       
#   wr_addr     integral          32    'h915577a1
#   wr_id       integral          4     'h8       
#   wr_data     da(integral)      0     -         
#   wr_strob    integral          4     'h1       
#   b_id        integral          4     'h0       
#   b_resp_e    resp_kind_e       2     OKAY      
#   ard_id      integral          4     'h3       
#   rd_brust_e  brust_kind_e      2     INCR      
#   rd_len      integral          4     'hc       
#   rd_size     integral          3     'h1       
#   rd_addr     integral          32    'h613008f3
#   r_id        integral          4     'h0       
#   rd_data     da(integral)      1     -         
#     [0]       integral          32    'h0       
#   r_resp_e    resp_kind_e       2     OKAY      
# ------------------------------------------------
# ------------------------------------------------
# Name          Type              Size  Value     
# ------------------------------------------------
# trans_h       axi_mas_seq_item  -     @1248     
#   awr_id      integral          4     'h8       
#   wr_brust_e  brust_kind_e      2     INCR      
#   wr_len      integral          4     'h5       
#   wr_size     integral          3     'h1       
#   wr_addr     integral          32    'h915577a1
#   wr_id       integral          4     'h8       
#   wr_data     da(integral)      0     -         
#   wr_strob    integral          4     'h1       
#   b_id        integral          4     'h0       
#   b_resp_e    resp_kind_e       2     OKAY      
#   ard_id      integral          4     'h3       
#   rd_brust_e  brust_kind_e      2     INCR      
#   rd_len      integral          4     'hc       
#   rd_size     integral          3     'h1       
#   rd_addr     integral          32    'h613008f3
#   r_id        integral          4     'h0       
#   rd_data     da(integral)      1     -         
#     [0]       integral          32    'h0       
#   r_resp_e    resp_kind_e       2     OKAY      
# ------------------------------------------------
# UVM_INFO ../ENV/SLV_AXI_ENV/axi_slave_base_seq.sv(74) @ 86: uvm_test_top.env_h.sagent_h.slv_seqr@@sseqs_h [axi_slave_base_seq]  read id in que in seq '{8, 13, 13, 13, 13, 13}
# UVM_INFO ../ENV/SLV_AXI_ENV/axi_slave_base_seq.sv(83) @ 86: uvm_test_top.env_h.sagent_h.slv_seqr@@sseqs_h [axi_slave_base_seq]  memory data is           0
# ------------------------------------------------
# Name          Type              Size  Value     
# ------------------------------------------------
# trans_h       axi_mas_seq_item  -     @1252     
#   awr_id      integral          4     'h8       
#   wr_brust_e  brust_kind_e      2     INCR      
#   wr_len      integral          4     'h5       
#   wr_size     integral          3     'h1       
#   wr_addr     integral          32    'h915577a1
#   wr_id       integral          4     'h8       
#   wr_data     da(integral)      0     -         
#   wr_strob    integral          4     'h1       
#   b_id        integral          4     'h0       
#   b_resp_e    resp_kind_e       2     OKAY      
#   ard_id      integral          4     'h3       
#   rd_brust_e  brust_kind_e      2     INCR      
#   rd_len      integral          4     'hc       
#   rd_size     integral          3     'h1       
#   rd_addr     integral          32    'h613008f3
#   r_id        integral          4     'h0       
#   rd_data     da(integral)      1     -         
#     [0]       integral          32    'h0       
#   r_resp_e    resp_kind_e       2     OKAY      
# ------------------------------------------------
# ------------------------------------------------
# Name          Type              Size  Value     
# ------------------------------------------------
# trans_h       axi_mas_seq_item  -     @1256     
#   awr_id      integral          4     'h8       
#   wr_brust_e  brust_kind_e      2     INCR      
#   wr_len      integral          4     'h5       
#   wr_size     integral          3     'h1       
#   wr_addr     integral          32    'h915577a1
#   wr_id       integral          4     'h8       
#   wr_data     da(integral)      0     -         
#   wr_strob    integral          4     'h1       
#   b_id        integral          4     'h0       
#   b_resp_e    resp_kind_e       2     OKAY      
#   ard_id      integral          4     'h3       
#   rd_brust_e  brust_kind_e      2     INCR      
#   rd_len      integral          4     'hc       
#   rd_size     integral          3     'h1       
#   rd_addr     integral          32    'h613008f3
#   r_id        integral          4     'h0       
#   rd_data     da(integral)      1     -         
#     [0]       integral          32    'h0       
#   r_resp_e    resp_kind_e       2     OKAY      
# ------------------------------------------------
# ------------------------------------------------
# Name          Type              Size  Value     
# ------------------------------------------------
# trans_h       axi_mas_seq_item  -     @1260     
#   awr_id      integral          4     'h8       
#   wr_brust_e  brust_kind_e      2     INCR      
#   wr_len      integral          4     'h5       
#   wr_size     integral          3     'h1       
#   wr_addr     integral          32    'h915577a1
#   wr_id       integral          4     'h8       
#   wr_data     da(integral)      0     -         
#   wr_strob    integral          4     'h1       
#   b_id        integral          4     'h0       
#   b_resp_e    resp_kind_e       2     OKAY      
#   ard_id      integral          4     'h3       
#   rd_brust_e  brust_kind_e      2     INCR      
#   rd_len      integral          4     'hc       
#   rd_size     integral          3     'h1       
#   rd_addr     integral          32    'h613008f3
#   r_id        integral          4     'h0       
#   rd_data     da(integral)      1     -         
#     [0]       integral          32    'h0       
#   r_resp_e    resp_kind_e       2     OKAY      
# ------------------------------------------------
